# JRE version: Java(TM) SE Runtime Environment (21.0+35) (build 21+35-LTS-2513)
# Java VM: Java HotSpot(TM) 64-Bit Server VM (21+35-LTS-2513, mixed mode, emulated-client, sharing, tiered, compressed oops, compressed class ptrs, g1 gc, windows-amd64)
GC Precious Log:
 CardTable entry size: 512
 Card Set container configuration: InlinePtr #cards 5 size 8 Array Of Cards #cards 12 size 40 Howl #buckets 4 coarsen threshold 1843 Howl Bitmap #cards 512 size 80 coarsen threshold 460 Card regions per heap region 1 cards per card region 2048
 CPUs: 4 total, 4 available
 Memory: 3460M
 Large Page Support: Disabled
 NUMA Support: Disabled
 Compressed Oops: Enabled (32-bit)
 Heap Region Size: 1M
 Heap Min Capacity: 8M
 Heap Initial Capacity: 56M
 Heap Max Capacity: 866M
 Pre-touch: Disabled
 Parallel Workers: 4
 Concurrent Workers: 1
 Concurrent Refinement Workers: 4
 Periodic GC: Disabled
Heap:
 garbage-first heap   total 102400K, used 43450K [0x00000000c9e00000, 0x0000000100000000)
  region size 1024K, 3 young (3072K), 3 survivors (3072K)
 Metaspace       used 88497K, committed 89600K, reserved 1179648K
  class space    used 12328K, committed 12800K, reserved 1048576K
GC Heap History (20 events):
Event: 98929.476 GC heap after
{Heap after GC invocations=310 (full 34):
 garbage-first heap   total 102400K, used 34994K [0x00000000c9e00000, 0x0000000100000000)
  region size 1024K, 5 young (5120K), 5 survivors (5120K)
 Metaspace       used 87643K, committed 89600K, reserved 1179648K
  class space    used 12236K, committed 12800K, reserved 1048576K
}
Event: 98935.206 GC heap before
{Heap before GC invocations=311 (full 34):
 garbage-first heap   total 102400K, used 66738K [0x00000000c9e00000, 0x0000000100000000)
  region size 1024K, 37 young (37888K), 5 survivors (5120K)
 Metaspace       used 87903K, committed 89600K, reserved 1179648K
  class space    used 12267K, committed 12800K, reserved 1048576K
}
Event: 98935.283 GC heap after
{Heap after GC invocations=312 (full 34):
 garbage-first heap   total 102400K, used 37887K [0x00000000c9e00000, 0x0000000100000000)
  region size 1024K, 3 young (3072K), 3 survivors (3072K)
 Metaspace       used 87903K, committed 89600K, reserved 1179648K
  class space    used 12267K, committed 12800K, reserved 1048576K
}
Event: 98938.578 GC heap before
{Heap before GC invocations=312 (full 34):
 garbage-first heap   total 102400K, used 62463K [0x00000000c9e00000, 0x0000000100000000)
  region size 1024K, 27 young (27648K), 3 survivors (3072K)
 Metaspace       used 88250K, committed 89600K, reserved 1179648K
  class space    used 12295K, committed 12800K, reserved 1048576K
}
Event: 98938.605 GC heap after
{Heap after GC invocations=313 (full 34):
 garbage-first heap   total 102400K, used 39996K [0x00000000c9e00000, 0x0000000100000000)
  region size 1024K, 3 young (3072K), 3 survivors (3072K)
 Metaspace       used 88250K, committed 89600K, reserved 1179648K
  class space    used 12295K, committed 12800K, reserved 1048576K
}
Event: 98940.987 GC heap before
{Heap before GC invocations=313 (full 34):
 garbage-first heap   total 102400K, used 74812K [0x00000000c9e00000, 0x0000000100000000)
  region size 1024K, 37 young (37888K), 3 survivors (3072K)
 Metaspace       used 88274K, committed 89600K, reserved 1179648K
  class space    used 12302K, committed 12800K, reserved 1048576K
}
Event: 98941.015 GC heap after
{Heap after GC invocations=314 (full 34):
 garbage-first heap   total 102400K, used 42537K [0x00000000c9e00000, 0x0000000100000000)
  region size 1024K, 5 young (5120K), 5 survivors (5120K)
 Metaspace       used 88274K, committed 89600K, reserved 1179648K
  class space    used 12302K, committed 12800K, reserved 1048576K
}
Event: 99169.408 GC heap before
{Heap before GC invocations=315 (full 34):
 garbage-first heap   total 102400K, used 60969K [0x00000000c9e00000, 0x0000000100000000)
  region size 1024K, 23 young (23552K), 5 survivors (5120K)
 Metaspace       used 88463K, committed 89600K, reserved 1179648K
  class space    used 12319K, committed 12800K, reserved 1048576K
}
Event: 99169.669 GC heap after
{Heap after GC invocations=316 (full 34):
 garbage-first heap   total 102400K, used 43005K [0x00000000c9e00000, 0x0000000100000000)
  region size 1024K, 1 young (1024K), 1 survivors (1024K)
 Metaspace       used 88463K, committed 89600K, reserved 1179648K
  class space    used 12319K, committed 12800K, reserved 1048576K
}
Event: 99925.933 GC heap before
{Heap before GC invocations=316 (full 34):
 garbage-first heap   total 102400K, used 92157K [0x00000000c9e00000, 0x0000000100000000)
  region size 1024K, 49 young (50176K), 1 survivors (1024K)
 Metaspace       used 88463K, committed 89600K, reserved 1179648K
  class space    used 12319K, committed 12800K, reserved 1048576K
}
Event: 99926.127 GC heap after
{Heap after GC invocations=317 (full 34):
 garbage-first heap   total 102400K, used 42853K [0x00000000c9e00000, 0x0000000100000000)
  region size 1024K, 1 young (1024K), 1 survivors (1024K)
 Metaspace       used 88463K, committed 89600K, reserved 1179648K
  class space    used 12319K, committed 12800K, reserved 1048576K
}
Event: 100283.710 GC heap before
{Heap before GC invocations=317 (full 34):
 garbage-first heap   total 102400K, used 67429K [0x00000000c9e00000, 0x0000000100000000)
  region size 1024K, 26 young (26624K), 1 survivors (1024K)
 Metaspace       used 88466K, committed 89600K, reserved 1179648K
  class space    used 12320K, committed 12800K, reserved 1048576K
}
Event: 100286.628 GC heap after
{Heap after GC invocations=318 (full 35):
 garbage-first heap   total 102400K, used 30218K [0x00000000c9e00000, 0x0000000100000000)
  region size 1024K, 0 young (0K), 0 survivors (0K)
 Metaspace       used 87352K, committed 89600K, reserved 1179648K
  class space    used 12181K, committed 12800K, reserved 1048576K
}
Event: 100295.073 GC heap before
{Heap before GC invocations=318 (full 35):
 garbage-first heap   total 102400K, used 90634K [0x00000000c9e00000, 0x0000000100000000)
  region size 1024K, 60 young (61440K), 0 survivors (0K)
 Metaspace       used 87705K, committed 89600K, reserved 1179648K
  class space    used 12248K, committed 12800K, reserved 1048576K
}
Event: 100295.112 GC heap after
{Heap after GC invocations=319 (full 35):
 garbage-first heap   total 102400K, used 35868K [0x00000000c9e00000, 0x0000000100000000)
  region size 1024K, 6 young (6144K), 6 survivors (6144K)
 Metaspace       used 87705K, committed 89600K, reserved 1179648K
  class space    used 12248K, committed 12800K, reserved 1048576K
}
Event: 100298.819 GC heap before
{Heap before GC invocations=320 (full 35):
 garbage-first heap   total 102400K, used 89116K [0x00000000c9e00000, 0x0000000100000000)
  region size 1024K, 58 young (59392K), 6 survivors (6144K)
 Metaspace       used 88266K, committed 89600K, reserved 1179648K
  class space    used 12296K, committed 12800K, reserved 1048576K
}
Event: 100298.854 GC heap after
{Heap after GC invocations=321 (full 35):
 garbage-first heap   total 102400K, used 40573K [0x00000000c9e00000, 0x0000000100000000)
  region size 1024K, 5 young (5120K), 5 survivors (5120K)
 Metaspace       used 88266K, committed 89600K, reserved 1179648K
  class space    used 12296K, committed 12800K, reserved 1048576K
}
Event: 100299.847 GC heap before
{Heap before GC invocations=321 (full 35):
 garbage-first heap   total 102400K, used 66173K [0x00000000c9e00000, 0x0000000100000000)
  region size 1024K, 30 young (30720K), 5 survivors (5120K)
 Metaspace       used 88290K, committed 89600K, reserved 1179648K
  class space    used 12303K, committed 12800K, reserved 1048576K
}
Event: 100299.867 GC heap after
{Heap after GC invocations=322 (full 35):
 garbage-first heap   total 102400K, used 43503K [0x00000000c9e00000, 0x0000000100000000)
  region size 1024K, 3 young (3072K), 3 survivors (3072K)
 Metaspace       used 88290K, committed 89600K, reserved 1179648K
  class space    used 12303K, committed 12800K, reserved 1048576K
}
Event: 100956.305 GC heap before
{Heap before GC invocations=322 (full 35):
 garbage-first heap   total 102400K, used 90607K [0x00000000c9e00000, 0x0000000100000000)
  region size 1024K, 49 young (50176K), 3 survivors (3072K)
 Metaspace       used 88497K, committed 89600K, reserved 1179648K
  class space    used 12328K, committed 12800K, reserved 1048576K
}

