# JRE version: OpenJDK Runtime Environment Temurin-21.0.9+10 (21.0.9+10) (build 21.0.9+10-LTS)
# Java VM: OpenJDK 64-Bit Server VM Temurin-21.0.9+10 (21.0.9+10-LTS, mixed mode, sharing, tiered, compressed oops, compressed class ptrs, parallel gc, windows-amd64)
GC Precious Log:
 CardTable entry size: 512
 CPUs: 4 total, 4 available
 Memory: 3460M
 Large Page Support: Disabled
 NUMA Support: Disabled
 Compressed Oops: Enabled (32-bit)
 Alignments: Space 512K, Generation 512K, Heap 2M
 Heap Min Capacity: 100M
 Heap Initial Capacity: 100M
 Heap Max Capacity: 2G
 Pre-touch: Disabled
 Parallel Workers: 4
Heap:
 PSYoungGen      total 3584K, used 1140K [0x00000000d5580000, 0x00000000d5a80000, 0x0000000100000000)
  eden space 3072K, 30% used [0x00000000d5580000,0x00000000d566d378,0x00000000d5880000)
  from space 512K, 37% used [0x00000000d5a00000,0x00000000d5a30000,0x00000000d5a80000)
  to   space 512K, 0% used [0x00000000d5980000,0x00000000d5980000,0x00000000d5a00000)
 ParOldGen       total 944640K, used 134498K [0x0000000080000000, 0x00000000b9a80000, 0x00000000d5580000)
  object space 944640K, 14% used [0x0000000080000000,0x00000000883589f0,0x00000000b9a80000)
 Metaspace       used 93197K, committed 94976K, reserved 1179648K
  class space    used 9342K, committed 10176K, reserved 1048576K
GC Heap History (20 events):
Event: 3741.303 GC heap before
{Heap before GC invocations=2659 (full 6):
 PSYoungGen      total 2560K, used 2399K [0x00000000d5580000, 0x00000000d5880000, 0x0000000100000000)
  eden space 2048K, 99% used [0x00000000d5580000,0x00000000d577fff0,0x00000000d5780000)
  from space 512K, 68% used [0x00000000d5800000,0x00000000d5858000,0x00000000d5880000)
  to   space 512K, 0% used [0x00000000d5780000,0x00000000d5780000,0x00000000d5800000)
 ParOldGen       total 944640K, used 125767K [0x0000000080000000, 0x00000000b9a80000, 0x00000000d5580000)
  object space 944640K, 13% used [0x0000000080000000,0x0000000087ad1d88,0x00000000b9a80000)
 Metaspace       used 93143K, committed 94912K, reserved 1179648K
  class space    used 9342K, committed 10176K, reserved 1048576K
}
Event: 3741.309 GC heap after
{Heap after GC invocations=2659 (full 6):
 PSYoungGen      total 2560K, used 288K [0x00000000d5580000, 0x00000000d5900000, 0x0000000100000000)
  eden space 2048K, 0% used [0x00000000d5580000,0x00000000d5580000,0x00000000d5780000)
  from space 512K, 56% used [0x00000000d5780000,0x00000000d57c8000,0x00000000d5800000)
  to   space 512K, 0% used [0x00000000d5880000,0x00000000d5880000,0x00000000d5900000)
 ParOldGen       total 944640K, used 126071K [0x0000000080000000, 0x00000000b9a80000, 0x00000000d5580000)
  object space 944640K, 13% used [0x0000000080000000,0x0000000087b1dd88,0x00000000b9a80000)
 Metaspace       used 93143K, committed 94912K, reserved 1179648K
  class space    used 9342K, committed 10176K, reserved 1048576K
}
Event: 3741.549 GC heap before
{Heap before GC invocations=2660 (full 6):
 PSYoungGen      total 2560K, used 2336K [0x00000000d5580000, 0x00000000d5900000, 0x0000000100000000)
  eden space 2048K, 100% used [0x00000000d5580000,0x00000000d5780000,0x00000000d5780000)
  from space 512K, 56% used [0x00000000d5780000,0x00000000d57c8000,0x00000000d5800000)
  to   space 512K, 0% used [0x00000000d5880000,0x00000000d5880000,0x00000000d5900000)
 ParOldGen       total 944640K, used 126071K [0x0000000080000000, 0x00000000b9a80000, 0x00000000d5580000)
  object space 944640K, 13% used [0x0000000080000000,0x0000000087b1dd88,0x00000000b9a80000)
 Metaspace       used 93143K, committed 94912K, reserved 1179648K
  class space    used 9342K, committed 10176K, reserved 1048576K
}
Event: 3741.556 GC heap after
{Heap after GC invocations=2660 (full 6):
 PSYoungGen      total 3072K, used 346K [0x00000000d5580000, 0x00000000d5900000, 0x0000000100000000)
  eden space 2560K, 0% used [0x00000000d5580000,0x00000000d5580000,0x00000000d5800000)
  from space 512K, 67% used [0x00000000d5880000,0x00000000d58d6900,0x00000000d5900000)
  to   space 512K, 0% used [0x00000000d5800000,0x00000000d5800000,0x00000000d5880000)
 ParOldGen       total 944640K, used 126295K [0x0000000080000000, 0x00000000b9a80000, 0x00000000d5580000)
  object space 944640K, 13% used [0x0000000080000000,0x0000000087b55d88,0x00000000b9a80000)
 Metaspace       used 93143K, committed 94912K, reserved 1179648K
  class space    used 9342K, committed 10176K, reserved 1048576K
}
Event: 3741.852 GC heap before
{Heap before GC invocations=2661 (full 6):
 PSYoungGen      total 3072K, used 2906K [0x00000000d5580000, 0x00000000d5900000, 0x0000000100000000)
  eden space 2560K, 100% used [0x00000000d5580000,0x00000000d5800000,0x00000000d5800000)
  from space 512K, 67% used [0x00000000d5880000,0x00000000d58d6900,0x00000000d5900000)
  to   space 512K, 0% used [0x00000000d5800000,0x00000000d5800000,0x00000000d5880000)
 ParOldGen       total 944640K, used 126295K [0x0000000080000000, 0x00000000b9a80000, 0x00000000d5580000)
  object space 944640K, 13% used [0x0000000080000000,0x0000000087b55d88,0x00000000b9a80000)
 Metaspace       used 93143K, committed 94912K, reserved 1179648K
  class space    used 9342K, committed 10176K, reserved 1048576K
}
Event: 3741.864 GC heap after
{Heap after GC invocations=2661 (full 6):
 PSYoungGen      total 3072K, used 496K [0x00000000d5580000, 0x00000000d5d00000, 0x0000000100000000)
  eden space 2560K, 0% used [0x00000000d5580000,0x00000000d5580000,0x00000000d5800000)
  from space 512K, 96% used [0x00000000d5800000,0x00000000d587c1a0,0x00000000d5880000)
  to   space 2560K, 0% used [0x00000000d5a80000,0x00000000d5a80000,0x00000000d5d00000)
 ParOldGen       total 944640K, used 127730K [0x0000000080000000, 0x00000000b9a80000, 0x00000000d5580000)
  object space 944640K, 13% used [0x0000000080000000,0x0000000087cbc918,0x00000000b9a80000)
 Metaspace       used 93143K, committed 94912K, reserved 1179648K
  class space    used 9342K, committed 10176K, reserved 1048576K
}
Event: 3741.920 GC heap before
{Heap before GC invocations=2662 (full 6):
 PSYoungGen      total 3072K, used 3056K [0x00000000d5580000, 0x00000000d5d00000, 0x0000000100000000)
  eden space 2560K, 100% used [0x00000000d5580000,0x00000000d5800000,0x00000000d5800000)
  from space 512K, 96% used [0x00000000d5800000,0x00000000d587c1a0,0x00000000d5880000)
  to   space 2560K, 0% used [0x00000000d5a80000,0x00000000d5a80000,0x00000000d5d00000)
 ParOldGen       total 944640K, used 127730K [0x0000000080000000, 0x00000000b9a80000, 0x00000000d5580000)
  object space 944640K, 13% used [0x0000000080000000,0x0000000087cbc918,0x00000000b9a80000)
 Metaspace       used 93143K, committed 94912K, reserved 1179648K
  class space    used 9342K, committed 10176K, reserved 1048576K
}
Event: 3741.925 GC heap after
{Heap after GC invocations=2662 (full 6):
 PSYoungGen      total 5120K, used 2223K [0x00000000d5580000, 0x00000000d5d00000, 0x0000000100000000)
  eden space 2560K, 0% used [0x00000000d5580000,0x00000000d5580000,0x00000000d5800000)
  from space 2560K, 86% used [0x00000000d5a80000,0x00000000d5cabc80,0x00000000d5d00000)
  to   space 2560K, 0% used [0x00000000d5800000,0x00000000d5800000,0x00000000d5a80000)
 ParOldGen       total 944640K, used 128236K [0x0000000080000000, 0x00000000b9a80000, 0x00000000d5580000)
  object space 944640K, 13% used [0x0000000080000000,0x0000000087d3b220,0x00000000b9a80000)
 Metaspace       used 93143K, committed 94912K, reserved 1179648K
  class space    used 9342K, committed 10176K, reserved 1048576K
}
Event: 3742.003 GC heap before
{Heap before GC invocations=2663 (full 6):
 PSYoungGen      total 5120K, used 4783K [0x00000000d5580000, 0x00000000d5d00000, 0x0000000100000000)
  eden space 2560K, 100% used [0x00000000d5580000,0x00000000d5800000,0x00000000d5800000)
  from space 2560K, 86% used [0x00000000d5a80000,0x00000000d5cabc80,0x00000000d5d00000)
  to   space 2560K, 0% used [0x00000000d5800000,0x00000000d5800000,0x00000000d5a80000)
 ParOldGen       total 944640K, used 128236K [0x0000000080000000, 0x00000000b9a80000, 0x00000000d5580000)
  object space 944640K, 13% used [0x0000000080000000,0x0000000087d3b220,0x00000000b9a80000)
 Metaspace       used 93143K, committed 94912K, reserved 1179648K
  class space    used 9342K, committed 10176K, reserved 1048576K
}
Event: 3742.022 GC heap after
{Heap after GC invocations=2663 (full 6):
 PSYoungGen      total 5120K, used 1989K [0x00000000d5580000, 0x00000000d5d00000, 0x0000000100000000)
  eden space 2560K, 0% used [0x00000000d5580000,0x00000000d5580000,0x00000000d5800000)
  from space 2560K, 77% used [0x00000000d5800000,0x00000000d59f1498,0x00000000d5a80000)
  to   space 2560K, 0% used [0x00000000d5a80000,0x00000000d5a80000,0x00000000d5d00000)
 ParOldGen       total 944640K, used 130392K [0x0000000080000000, 0x00000000b9a80000, 0x00000000d5580000)
  object space 944640K, 13% used [0x0000000080000000,0x0000000087f561f0,0x00000000b9a80000)
 Metaspace       used 93143K, committed 94912K, reserved 1179648K
  class space    used 9342K, committed 10176K, reserved 1048576K
}
Event: 3742.303 GC heap before
{Heap before GC invocations=2664 (full 6):
 PSYoungGen      total 5120K, used 4540K [0x00000000d5580000, 0x00000000d5d00000, 0x0000000100000000)
  eden space 2560K, 99% used [0x00000000d5580000,0x00000000d57fdc40,0x00000000d5800000)
  from space 2560K, 77% used [0x00000000d5800000,0x00000000d59f1498,0x00000000d5a80000)
  to   space 2560K, 0% used [0x00000000d5a80000,0x00000000d5a80000,0x00000000d5d00000)
 ParOldGen       total 944640K, used 130392K [0x0000000080000000, 0x00000000b9a80000, 0x00000000d5580000)
  object space 944640K, 13% used [0x0000000080000000,0x0000000087f561f0,0x00000000b9a80000)
 Metaspace       used 93152K, committed 94912K, reserved 1179648K
  class space    used 9342K, committed 10176K, reserved 1048576K
}
Event: 3742.317 GC heap after
{Heap after GC invocations=2664 (full 6):
 PSYoungGen      total 4096K, used 1151K [0x00000000d5580000, 0x00000000d5c00000, 0x0000000100000000)
  eden space 2560K, 0% used [0x00000000d5580000,0x00000000d5580000,0x00000000d5800000)
  from space 1536K, 74% used [0x00000000d5a80000,0x00000000d5b9fdd0,0x00000000d5c00000)
  to   space 1536K, 0% used [0x00000000d5900000,0x00000000d5900000,0x00000000d5a80000)
 ParOldGen       total 944640K, used 132314K [0x0000000080000000, 0x00000000b9a80000, 0x00000000d5580000)
  object space 944640K, 14% used [0x0000000080000000,0x0000000088136a48,0x00000000b9a80000)
 Metaspace       used 93152K, committed 94912K, reserved 1179648K
  class space    used 9342K, committed 10176K, reserved 1048576K
}
Event: 3742.594 GC heap before
{Heap before GC invocations=2665 (full 6):
 PSYoungGen      total 4096K, used 3711K [0x00000000d5580000, 0x00000000d5c00000, 0x0000000100000000)
  eden space 2560K, 100% used [0x00000000d5580000,0x00000000d5800000,0x00000000d5800000)
  from space 1536K, 74% used [0x00000000d5a80000,0x00000000d5b9fdd0,0x00000000d5c00000)
  to   space 1536K, 0% used [0x00000000d5900000,0x00000000d5900000,0x00000000d5a80000)
 ParOldGen       total 944640K, used 132314K [0x0000000080000000, 0x00000000b9a80000, 0x00000000d5580000)
  object space 944640K, 14% used [0x0000000080000000,0x0000000088136a48,0x00000000b9a80000)
 Metaspace       used 93152K, committed 94912K, reserved 1179648K
  class space    used 9342K, committed 10176K, reserved 1048576K
}
Event: 3742.610 GC heap after
{Heap after GC invocations=2665 (full 6):
 PSYoungGen      total 3072K, used 512K [0x00000000d5580000, 0x00000000d5b00000, 0x0000000100000000)
  eden space 2560K, 0% used [0x00000000d5580000,0x00000000d5580000,0x00000000d5800000)
  from space 512K, 100% used [0x00000000d5900000,0x00000000d5980000,0x00000000d5980000)
  to   space 1024K, 0% used [0x00000000d5a00000,0x00000000d5a00000,0x00000000d5b00000)
 ParOldGen       total 944640K, used 133226K [0x0000000080000000, 0x00000000b9a80000, 0x00000000d5580000)
  object space 944640K, 14% used [0x0000000080000000,0x000000008821aab8,0x00000000b9a80000)
 Metaspace       used 93152K, committed 94912K, reserved 1179648K
  class space    used 9342K, committed 10176K, reserved 1048576K
}
Event: 3742.618 GC heap before
{Heap before GC invocations=2666 (full 6):
 PSYoungGen      total 3072K, used 3072K [0x00000000d5580000, 0x00000000d5b00000, 0x0000000100000000)
  eden space 2560K, 100% used [0x00000000d5580000,0x00000000d5800000,0x00000000d5800000)
  from space 512K, 100% used [0x00000000d5900000,0x00000000d5980000,0x00000000d5980000)
  to   space 1024K, 0% used [0x00000000d5a00000,0x00000000d5a00000,0x00000000d5b00000)
 ParOldGen       total 944640K, used 133226K [0x0000000080000000, 0x00000000b9a80000, 0x00000000d5580000)
  object space 944640K, 14% used [0x0000000080000000,0x000000008821aab8,0x00000000b9a80000)
 Metaspace       used 93152K, committed 94912K, reserved 1179648K
  class space    used 9342K, committed 10176K, reserved 1048576K
}
Event: 3742.623 GC heap after
{Heap after GC invocations=2666 (full 6):
 PSYoungGen      total 3072K, used 436K [0x00000000d5580000, 0x00000000d5a80000, 0x0000000100000000)
  eden space 2560K, 0% used [0x00000000d5580000,0x00000000d5580000,0x00000000d5800000)
  from space 512K, 85% used [0x00000000d5a00000,0x00000000d5a6d200,0x00000000d5a80000)
  to   space 1024K, 0% used [0x00000000d5880000,0x00000000d5880000,0x00000000d5980000)
 ParOldGen       total 944640K, used 133709K [0x0000000080000000, 0x00000000b9a80000, 0x00000000d5580000)
  object space 944640K, 14% used [0x0000000080000000,0x0000000088293730,0x00000000b9a80000)
 Metaspace       used 93152K, committed 94912K, reserved 1179648K
  class space    used 9342K, committed 10176K, reserved 1048576K
}
Event: 3742.632 GC heap before
{Heap before GC invocations=2667 (full 6):
 PSYoungGen      total 3072K, used 2996K [0x00000000d5580000, 0x00000000d5a80000, 0x0000000100000000)
  eden space 2560K, 100% used [0x00000000d5580000,0x00000000d5800000,0x00000000d5800000)
  from space 512K, 85% used [0x00000000d5a00000,0x00000000d5a6d200,0x00000000d5a80000)
  to   space 1024K, 0% used [0x00000000d5880000,0x00000000d5880000,0x00000000d5980000)
 ParOldGen       total 944640K, used 133709K [0x0000000080000000, 0x00000000b9a80000, 0x00000000d5580000)
  object space 944640K, 14% used [0x0000000080000000,0x0000000088293730,0x00000000b9a80000)
 Metaspace       used 93152K, committed 94912K, reserved 1179648K
  class space    used 9342K, committed 10176K, reserved 1048576K
}
Event: 3742.637 GC heap after
{Heap after GC invocations=2667 (full 6):
 PSYoungGen      total 4096K, used 416K [0x00000000d5580000, 0x00000000d5a80000, 0x0000000100000000)
  eden space 3072K, 0% used [0x00000000d5580000,0x00000000d5580000,0x00000000d5880000)
  from space 1024K, 40% used [0x00000000d5880000,0x00000000d58e8000,0x00000000d5980000)
  to   space 512K, 0% used [0x00000000d5a00000,0x00000000d5a00000,0x00000000d5a80000)
 ParOldGen       total 944640K, used 134138K [0x0000000080000000, 0x00000000b9a80000, 0x00000000d5580000)
  object space 944640K, 14% used [0x0000000080000000,0x00000000882fe9f0,0x00000000b9a80000)
 Metaspace       used 93152K, committed 94912K, reserved 1179648K
  class space    used 9342K, committed 10176K, reserved 1048576K
}
Event: 3926.736 GC heap before
{Heap before GC invocations=2668 (full 6):
 PSYoungGen      total 4096K, used 3488K [0x00000000d5580000, 0x00000000d5a80000, 0x0000000100000000)
  eden space 3072K, 100% used [0x00000000d5580000,0x00000000d5880000,0x00000000d5880000)
  from space 1024K, 40% used [0x00000000d5880000,0x00000000d58e8000,0x00000000d5980000)
  to   space 512K, 0% used [0x00000000d5a00000,0x00000000d5a00000,0x00000000d5a80000)
 ParOldGen       total 944640K, used 134138K [0x0000000080000000, 0x00000000b9a80000, 0x00000000d5580000)
  object space 944640K, 14% used [0x0000000080000000,0x00000000882fe9f0,0x00000000b9a80000)
 Metaspace       used 93195K, committed 94976K, reserved 1179648K
  class space    used 9342K, committed 10176K, reserved 1048576K
}
Event: 3926.849 GC heap after
{Heap after GC invocations=2668 (full 6):
 PSYoungGen      total 3584K, used 192K [0x00000000d5580000, 0x00000000d5a80000, 0x0000000100000000)
  eden space 3072K, 0% used [0x00000000d5580000,0x00000000d5580000,0x00000000d5880000)
  from space 512K, 37% used [0x00000000d5a00000,0x00000000d5a30000,0x00000000d5a80000)
  to   space 512K, 0% used [0x00000000d5980000,0x00000000d5980000,0x00000000d5a00000)
 ParOldGen       total 944640K, used 134498K [0x0000000080000000, 0x00000000b9a80000, 0x00000000d5580000)
  object space 944640K, 14% used [0x0000000080000000,0x00000000883589f0,0x00000000b9a80000)
 Metaspace       used 93195K, committed 94976K, reserved 1179648K
  class space    used 9342K, committed 10176K, reserved 1048576K
}

