# JRE version: Java(TM) SE Runtime Environment (21.0+35) (build 21+35-LTS-2513)
# Java VM: Java HotSpot(TM) 64-Bit Server VM (21+35-LTS-2513, mixed mode, emulated-client, sharing, tiered, compressed oops, compressed class ptrs, g1 gc, windows-amd64)
GC Precious Log:
 CardTable entry size: 512
 Card Set container configuration: InlinePtr #cards 5 size 8 Array Of Cards #cards 12 size 40 Howl #buckets 4 coarsen threshold 1843 Howl Bitmap #cards 512 size 80 coarsen threshold 460 Card regions per heap region 1 cards per card region 2048
 CPUs: 4 total, 4 available
 Memory: 3460M
 Large Page Support: Disabled
 NUMA Support: Disabled
 Compressed Oops: Enabled (32-bit)
 Heap Region Size: 1M
 Heap Min Capacity: 8M
 Heap Initial Capacity: 56M
 Heap Max Capacity: 866M
 Pre-touch: Disabled
 Parallel Workers: 4
 Concurrent Workers: 1
 Concurrent Refinement Workers: 4
 Periodic GC: Disabled
Heap:
 garbage-first heap   total 57344K, used 32542K [0x00000000c9e00000, 0x0000000100000000)
  region size 1024K, 3 young (3072K), 3 survivors (3072K)
 Metaspace       used 63380K, committed 64064K, reserved 1114112K
  class space    used 9247K, committed 9536K, reserved 1048576K
GC Heap History (20 events):
Event: 9.420 GC heap after
{Heap after GC invocations=9 (full 0):
 garbage-first heap   total 57344K, used 20154K [0x00000000c9e00000, 0x0000000100000000)
  region size 1024K, 3 young (3072K), 3 survivors (3072K)
 Metaspace       used 29596K, committed 30144K, reserved 1114112K
  class space    used 4171K, committed 4416K, reserved 1048576K
}
Event: 10.418 GC heap before
{Heap before GC invocations=9 (full 0):
 garbage-first heap   total 57344K, used 46778K [0x00000000c9e00000, 0x0000000100000000)
  region size 1024K, 30 young (30720K), 3 survivors (3072K)
 Metaspace       used 33727K, committed 34240K, reserved 1114112K
  class space    used 4769K, committed 4992K, reserved 1048576K
}
Event: 10.424 GC heap after
{Heap after GC invocations=10 (full 0):
 garbage-first heap   total 57344K, used 21563K [0x00000000c9e00000, 0x0000000100000000)
  region size 1024K, 2 young (2048K), 2 survivors (2048K)
 Metaspace       used 33727K, committed 34240K, reserved 1114112K
  class space    used 4769K, committed 4992K, reserved 1048576K
}
Event: 10.679 GC heap before
{Heap before GC invocations=10 (full 0):
 garbage-first heap   total 57344K, used 27707K [0x00000000c9e00000, 0x0000000100000000)
  region size 1024K, 10 young (10240K), 2 survivors (2048K)
 Metaspace       used 35423K, committed 35968K, reserved 1114112K
  class space    used 5045K, committed 5312K, reserved 1048576K
}
Event: 10.682 GC heap after
{Heap after GC invocations=11 (full 0):
 garbage-first heap   total 57344K, used 21892K [0x00000000c9e00000, 0x0000000100000000)
  region size 1024K, 2 young (2048K), 2 survivors (2048K)
 Metaspace       used 35423K, committed 35968K, reserved 1114112K
  class space    used 5045K, committed 5312K, reserved 1048576K
}
Event: 12.102 GC heap before
{Heap before GC invocations=12 (full 0):
 garbage-first heap   total 57344K, used 49540K [0x00000000c9e00000, 0x0000000100000000)
  region size 1024K, 30 young (30720K), 2 survivors (2048K)
 Metaspace       used 42522K, committed 43136K, reserved 1114112K
  class space    used 6066K, committed 6336K, reserved 1048576K
}
Event: 12.108 GC heap after
{Heap after GC invocations=13 (full 0):
 garbage-first heap   total 57344K, used 23790K [0x00000000c9e00000, 0x0000000100000000)
  region size 1024K, 4 young (4096K), 4 survivors (4096K)
 Metaspace       used 42522K, committed 43136K, reserved 1114112K
  class space    used 6066K, committed 6336K, reserved 1048576K
}
Event: 12.798 GC heap before
{Heap before GC invocations=13 (full 0):
 garbage-first heap   total 57344K, used 47342K [0x00000000c9e00000, 0x0000000100000000)
  region size 1024K, 28 young (28672K), 4 survivors (4096K)
 Metaspace       used 46874K, committed 47424K, reserved 1114112K
  class space    used 6663K, committed 6912K, reserved 1048576K
}
Event: 12.806 GC heap after
{Heap after GC invocations=14 (full 0):
 garbage-first heap   total 57344K, used 24938K [0x00000000c9e00000, 0x0000000100000000)
  region size 1024K, 4 young (4096K), 4 survivors (4096K)
 Metaspace       used 46874K, committed 47424K, reserved 1114112K
  class space    used 6663K, committed 6912K, reserved 1048576K
}
Event: 13.656 GC heap before
{Heap before GC invocations=14 (full 0):
 garbage-first heap   total 57344K, used 47466K [0x00000000c9e00000, 0x0000000100000000)
  region size 1024K, 27 young (27648K), 4 survivors (4096K)
 Metaspace       used 52338K, committed 52928K, reserved 1114112K
  class space    used 7588K, committed 7808K, reserved 1048576K
}
Event: 13.666 GC heap after
{Heap after GC invocations=15 (full 0):
 garbage-first heap   total 57344K, used 25749K [0x00000000c9e00000, 0x0000000100000000)
  region size 1024K, 3 young (3072K), 3 survivors (3072K)
 Metaspace       used 52338K, committed 52928K, reserved 1114112K
  class space    used 7588K, committed 7808K, reserved 1048576K
}
Event: 14.488 GC heap before
{Heap before GC invocations=15 (full 0):
 garbage-first heap   total 57344K, used 49301K [0x00000000c9e00000, 0x0000000100000000)
  region size 1024K, 26 young (26624K), 3 survivors (3072K)
 Metaspace       used 56742K, committed 57408K, reserved 1114112K
  class space    used 8211K, committed 8512K, reserved 1048576K
}
Event: 14.494 GC heap after
{Heap after GC invocations=16 (full 0):
 garbage-first heap   total 57344K, used 26897K [0x00000000c9e00000, 0x0000000100000000)
  region size 1024K, 3 young (3072K), 3 survivors (3072K)
 Metaspace       used 56742K, committed 57408K, reserved 1114112K
  class space    used 8211K, committed 8512K, reserved 1048576K
}
Event: 14.855 GC heap before
{Heap before GC invocations=16 (full 0):
 garbage-first heap   total 57344K, used 41233K [0x00000000c9e00000, 0x0000000100000000)
  region size 1024K, 18 young (18432K), 3 survivors (3072K)
 Metaspace       used 59792K, committed 60480K, reserved 1114112K
  class space    used 8631K, committed 8960K, reserved 1048576K
}
Event: 14.860 GC heap after
{Heap after GC invocations=17 (full 0):
 garbage-first heap   total 57344K, used 28260K [0x00000000c9e00000, 0x0000000100000000)
  region size 1024K, 3 young (3072K), 3 survivors (3072K)
 Metaspace       used 59792K, committed 60480K, reserved 1114112K
  class space    used 8631K, committed 8960K, reserved 1048576K
}
Event: 15.358 GC heap before
{Heap before GC invocations=18 (full 0):
 garbage-first heap   total 57344K, used 49764K [0x00000000c9e00000, 0x0000000100000000)
  region size 1024K, 24 young (24576K), 3 survivors (3072K)
 Metaspace       used 60715K, committed 61440K, reserved 1114112K
  class space    used 8812K, committed 9152K, reserved 1048576K
}
Event: 15.364 GC heap after
{Heap after GC invocations=19 (full 0):
 garbage-first heap   total 57344K, used 29785K [0x00000000c9e00000, 0x0000000100000000)
  region size 1024K, 3 young (3072K), 3 survivors (3072K)
 Metaspace       used 60715K, committed 61440K, reserved 1114112K
  class space    used 8812K, committed 9152K, reserved 1048576K
}
Event: 15.759 GC heap before
{Heap before GC invocations=19 (full 0):
 garbage-first heap   total 57344K, used 49241K [0x00000000c9e00000, 0x0000000100000000)
  region size 1024K, 22 young (22528K), 3 survivors (3072K)
 Metaspace       used 62354K, committed 63104K, reserved 1114112K
  class space    used 9071K, committed 9408K, reserved 1048576K
}
Event: 15.767 GC heap after
{Heap after GC invocations=20 (full 0):
 garbage-first heap   total 57344K, used 30764K [0x00000000c9e00000, 0x0000000100000000)
  region size 1024K, 3 young (3072K), 3 survivors (3072K)
 Metaspace       used 62354K, committed 63104K, reserved 1114112K
  class space    used 9071K, committed 9408K, reserved 1048576K
}
Event: 16.144 GC heap before
{Heap before GC invocations=20 (full 0):
 garbage-first heap   total 57344K, used 49196K [0x00000000c9e00000, 0x0000000100000000)
  region size 1024K, 21 young (21504K), 3 survivors (3072K)
 Metaspace       used 63380K, committed 64064K, reserved 1114112K
  class space    used 9247K, committed 9536K, reserved 1048576K
}

