# JRE version: Java(TM) SE Runtime Environment (21.0+35) (build 21+35-LTS-2513)
# Java VM: Java HotSpot(TM) 64-Bit Server VM (21+35-LTS-2513, mixed mode, sharing, tiered, compressed oops, compressed class ptrs, g1 gc, windows-amd64)
GC Precious Log:
 CardTable entry size: 512
 Card Set container configuration: InlinePtr #cards 5 size 8 Array Of Cards #cards 12 size 40 Howl #buckets 4 coarsen threshold 1843 Howl Bitmap #cards 512 size 80 coarsen threshold 460 Card regions per heap region 1 cards per card region 2048
 CPUs: 4 total, 4 available
 Memory: 3460M
 Large Page Support: Disabled
 NUMA Support: Disabled
 Compressed Oops: Enabled (32-bit)
 Heap Region Size: 1M
 Heap Min Capacity: 8M
 Heap Initial Capacity: 56M
 Heap Max Capacity: 866M
 Pre-touch: Disabled
 Parallel Workers: 4
 Concurrent Workers: 1
 Concurrent Refinement Workers: 4
 Periodic GC: Disabled
Heap:
 garbage-first heap   total 57344K, used 32930K [0x00000000c9e00000, 0x0000000100000000)
  region size 1024K, 20 young (20480K), 2 survivors (2048K)
 Metaspace       used 16365K, committed 16640K, reserved 1114112K
  class space    used 1857K, committed 1984K, reserved 1048576K
GC Heap History (12 events):
Event: 1.364 GC heap before
{Heap before GC invocations=0 (full 0):
 garbage-first heap   total 57344K, used 12288K [0x00000000c9e00000, 0x0000000100000000)
  region size 1024K, 13 young (13312K), 0 survivors (0K)
 Metaspace       used 3594K, committed 3776K, reserved 1114112K
  class space    used 363K, committed 448K, reserved 1048576K
}
Event: 1.377 GC heap after
{Heap after GC invocations=1 (full 0):
 garbage-first heap   total 57344K, used 3424K [0x00000000c9e00000, 0x0000000100000000)
  region size 1024K, 2 young (2048K), 2 survivors (2048K)
 Metaspace       used 3594K, committed 3776K, reserved 1114112K
  class space    used 363K, committed 448K, reserved 1048576K
}
Event: 2.365 GC heap before
{Heap before GC invocations=1 (full 0):
 garbage-first heap   total 57344K, used 18784K [0x00000000c9e00000, 0x0000000100000000)
  region size 1024K, 17 young (17408K), 2 survivors (2048K)
 Metaspace       used 6016K, committed 6208K, reserved 1114112K
  class space    used 703K, committed 832K, reserved 1048576K
}
Event: 2.372 GC heap after
{Heap after GC invocations=2 (full 0):
 garbage-first heap   total 57344K, used 4340K [0x00000000c9e00000, 0x0000000100000000)
  region size 1024K, 1 young (1024K), 1 survivors (1024K)
 Metaspace       used 6016K, committed 6208K, reserved 1114112K
  class space    used 703K, committed 832K, reserved 1048576K
}
Event: 3.865 GC heap before
{Heap before GC invocations=2 (full 0):
 garbage-first heap   total 57344K, used 36084K [0x00000000c9e00000, 0x0000000100000000)
  region size 1024K, 33 young (33792K), 1 survivors (1024K)
 Metaspace       used 11150K, committed 11328K, reserved 1114112K
  class space    used 1343K, committed 1408K, reserved 1048576K
}
Event: 3.873 GC heap after
{Heap after GC invocations=3 (full 0):
 garbage-first heap   total 57344K, used 6094K [0x00000000c9e00000, 0x0000000100000000)
  region size 1024K, 3 young (3072K), 3 survivors (3072K)
 Metaspace       used 11150K, committed 11328K, reserved 1114112K
  class space    used 1343K, committed 1408K, reserved 1048576K
}
Event: 5.880 GC heap before
{Heap before GC invocations=3 (full 0):
 garbage-first heap   total 57344K, used 36814K [0x00000000c9e00000, 0x0000000100000000)
  region size 1024K, 33 young (33792K), 3 survivors (3072K)
 Metaspace       used 14995K, committed 15296K, reserved 1114112K
  class space    used 1784K, committed 1920K, reserved 1048576K
}
Event: 5.899 GC heap after
{Heap after GC invocations=4 (full 0):
 garbage-first heap   total 57344K, used 9913K [0x00000000c9e00000, 0x0000000100000000)
  region size 1024K, 5 young (5120K), 5 survivors (5120K)
 Metaspace       used 14995K, committed 15296K, reserved 1114112K
  class space    used 1784K, committed 1920K, reserved 1048576K
}
Event: 9.119 GC heap before
{Heap before GC invocations=4 (full 0):
 garbage-first heap   total 57344K, used 38585K [0x00000000c9e00000, 0x0000000100000000)
  region size 1024K, 33 young (33792K), 5 survivors (5120K)
 Metaspace       used 15760K, committed 16064K, reserved 1114112K
  class space    used 1854K, committed 1984K, reserved 1048576K
}
Event: 9.147 GC heap after
{Heap after GC invocations=5 (full 0):
 garbage-first heap   total 57344K, used 13953K [0x00000000c9e00000, 0x0000000100000000)
  region size 1024K, 4 young (4096K), 4 survivors (4096K)
 Metaspace       used 15760K, committed 16064K, reserved 1114112K
  class space    used 1854K, committed 1984K, reserved 1048576K
}
Event: 11.399 GC heap before
{Heap before GC invocations=5 (full 0):
 garbage-first heap   total 57344K, used 43649K [0x00000000c9e00000, 0x0000000100000000)
  region size 1024K, 33 young (33792K), 4 survivors (4096K)
 Metaspace       used 16103K, committed 16384K, reserved 1114112K
  class space    used 1857K, committed 1984K, reserved 1048576K
}
Event: 11.413 GC heap after
{Heap after GC invocations=6 (full 0):
 garbage-first heap   total 57344K, used 15522K [0x00000000c9e00000, 0x0000000100000000)
  region size 1024K, 2 young (2048K), 2 survivors (2048K)
 Metaspace       used 16103K, committed 16384K, reserved 1114112K
  class space    used 1857K, committed 1984K, reserved 1048576K
}

