# JRE version: Java(TM) SE Runtime Environment (21.0+35) (build 21+35-LTS-2513)
# Java VM: Java HotSpot(TM) 64-Bit Server VM (21+35-LTS-2513, mixed mode, emulated-client, sharing, tiered, compressed oops, compressed class ptrs, g1 gc, windows-amd64)
GC Precious Log:
 CardTable entry size: 512
 Card Set container configuration: InlinePtr #cards 5 size 8 Array Of Cards #cards 12 size 40 Howl #buckets 4 coarsen threshold 1843 Howl Bitmap #cards 512 size 80 coarsen threshold 460 Card regions per heap region 1 cards per card region 2048
 CPUs: 4 total, 4 available
 Memory: 3460M
 Large Page Support: Disabled
 NUMA Support: Disabled
 Compressed Oops: Enabled (32-bit)
 Heap Region Size: 1M
 Heap Min Capacity: 8M
 Heap Initial Capacity: 56M
 Heap Max Capacity: 866M
 Pre-touch: Disabled
 Parallel Workers: 4
 Concurrent Workers: 1
 Concurrent Refinement Workers: 4
 Periodic GC: Disabled
Heap:
 garbage-first heap   total 119808K, used 46361K [0x00000000c9e00000, 0x0000000100000000)
  region size 1024K, 2 young (2048K), 2 survivors (2048K)
 Metaspace       used 94261K, committed 95424K, reserved 1179648K
  class space    used 13364K, committed 13824K, reserved 1048576K
GC Heap History (20 events):
Event: 21474.511 GC heap after
{Heap after GC invocations=191 (full 7):
 garbage-first heap   total 130048K, used 49940K [0x00000000c9e00000, 0x0000000100000000)
  region size 1024K, 1 young (1024K), 1 survivors (1024K)
 Metaspace       used 94334K, committed 95424K, reserved 1179648K
  class space    used 13336K, committed 13824K, reserved 1048576K
}
Event: 22201.067 GC heap before
{Heap before GC invocations=191 (full 7):
 garbage-first heap   total 130048K, used 113428K [0x00000000c9e00000, 0x0000000100000000)
  region size 1024K, 63 young (64512K), 1 survivors (1024K)
 Metaspace       used 94550K, committed 95616K, reserved 1179648K
  class space    used 13356K, committed 13824K, reserved 1048576K
}
Event: 22201.528 GC heap after
{Heap after GC invocations=192 (full 7):
 garbage-first heap   total 130048K, used 50991K [0x00000000c9e00000, 0x0000000100000000)
  region size 1024K, 2 young (2048K), 2 survivors (2048K)
 Metaspace       used 94550K, committed 95616K, reserved 1179648K
  class space    used 13356K, committed 13824K, reserved 1048576K
}
Event: 22260.016 GC heap before
{Heap before GC invocations=193 (full 7):
 garbage-first heap   total 130048K, used 55087K [0x00000000c9e00000, 0x0000000100000000)
  region size 1024K, 6 young (6144K), 2 survivors (2048K)
 Metaspace       used 93185K, committed 95360K, reserved 1179648K
  class space    used 13189K, committed 13824K, reserved 1048576K
}
Event: 22260.258 GC heap after
{Heap after GC invocations=194 (full 7):
 garbage-first heap   total 130048K, used 50938K [0x00000000c9e00000, 0x0000000100000000)
  region size 1024K, 1 young (1024K), 1 survivors (1024K)
 Metaspace       used 93185K, committed 95360K, reserved 1179648K
  class space    used 13189K, committed 13824K, reserved 1048576K
}
Event: 22806.763 GC heap before
{Heap before GC invocations=194 (full 7):
 garbage-first heap   total 130048K, used 88826K [0x00000000c9e00000, 0x0000000100000000)
  region size 1024K, 38 young (38912K), 1 survivors (1024K)
 Metaspace       used 93207K, committed 95360K, reserved 1179648K
  class space    used 13192K, committed 13824K, reserved 1048576K
}
Event: 22806.855 GC heap after
{Heap after GC invocations=195 (full 7):
 garbage-first heap   total 130048K, used 50006K [0x00000000c9e00000, 0x0000000100000000)
  region size 1024K, 1 young (1024K), 1 survivors (1024K)
 Metaspace       used 93207K, committed 95360K, reserved 1179648K
  class space    used 13192K, committed 13824K, reserved 1048576K
}
Event: 22807.177 GC heap before
{Heap before GC invocations=195 (full 7):
 garbage-first heap   total 130048K, used 50006K [0x00000000c9e00000, 0x0000000100000000)
  region size 1024K, 2 young (2048K), 1 survivors (1024K)
 Metaspace       used 93210K, committed 95360K, reserved 1179648K
  class space    used 13193K, committed 13824K, reserved 1048576K
}
Event: 22810.461 GC heap after
{Heap after GC invocations=196 (full 8):
 garbage-first heap   total 119808K, used 34428K [0x00000000c9e00000, 0x0000000100000000)
  region size 1024K, 0 young (0K), 0 survivors (0K)
 Metaspace       used 93196K, committed 95360K, reserved 1179648K
  class space    used 13189K, committed 13824K, reserved 1048576K
}
Event: 22814.755 GC heap before
{Heap before GC invocations=196 (full 8):
 garbage-first heap   total 119808K, used 75388K [0x00000000c9e00000, 0x0000000100000000)
  region size 1024K, 40 young (40960K), 0 survivors (0K)
 Metaspace       used 93472K, committed 95360K, reserved 1179648K
  class space    used 13229K, committed 13824K, reserved 1048576K
}
Event: 22814.792 GC heap after
{Heap after GC invocations=197 (full 8):
 garbage-first heap   total 119808K, used 39006K [0x00000000c9e00000, 0x0000000100000000)
  region size 1024K, 5 young (5120K), 5 survivors (5120K)
 Metaspace       used 93472K, committed 95360K, reserved 1179648K
  class space    used 13229K, committed 13824K, reserved 1048576K
}
Event: 22817.187 GC heap before
{Heap before GC invocations=198 (full 8):
 garbage-first heap   total 119808K, used 59486K [0x00000000c9e00000, 0x0000000100000000)
  region size 1024K, 26 young (26624K), 5 survivors (5120K)
 Metaspace       used 93568K, committed 95360K, reserved 1179648K
  class space    used 13252K, committed 13824K, reserved 1048576K
}
Event: 22817.218 GC heap after
{Heap after GC invocations=199 (full 8):
 garbage-first heap   total 119808K, used 40241K [0x00000000c9e00000, 0x0000000100000000)
  region size 1024K, 2 young (2048K), 2 survivors (2048K)
 Metaspace       used 93568K, committed 95360K, reserved 1179648K
  class space    used 13252K, committed 13824K, reserved 1048576K
}
Event: 22817.472 GC heap before
{Heap before GC invocations=199 (full 8):
 garbage-first heap   total 119808K, used 42289K [0x00000000c9e00000, 0x0000000100000000)
  region size 1024K, 5 young (5120K), 2 survivors (2048K)
 Metaspace       used 93605K, committed 95360K, reserved 1179648K
  class space    used 13262K, committed 13824K, reserved 1048576K
}
Event: 22817.485 GC heap after
{Heap after GC invocations=200 (full 8):
 garbage-first heap   total 119808K, used 41026K [0x00000000c9e00000, 0x0000000100000000)
  region size 1024K, 1 young (1024K), 1 survivors (1024K)
 Metaspace       used 93605K, committed 95360K, reserved 1179648K
  class space    used 13262K, committed 13824K, reserved 1048576K
}
Event: 22822.257 GC heap before
{Heap before GC invocations=200 (full 8):
 garbage-first heap   total 119808K, used 89154K [0x00000000c9e00000, 0x0000000100000000)
  region size 1024K, 49 young (50176K), 1 survivors (1024K)
 Metaspace       used 94170K, committed 95360K, reserved 1179648K
  class space    used 13348K, committed 13824K, reserved 1048576K
}
Event: 22822.289 GC heap after
{Heap after GC invocations=201 (full 8):
 garbage-first heap   total 119808K, used 44504K [0x00000000c9e00000, 0x0000000100000000)
  region size 1024K, 5 young (5120K), 5 survivors (5120K)
 Metaspace       used 94170K, committed 95360K, reserved 1179648K
  class space    used 13348K, committed 13824K, reserved 1048576K
}
Event: 22822.657 GC heap before
{Heap before GC invocations=202 (full 8):
 garbage-first heap   total 119808K, used 56792K [0x00000000c9e00000, 0x0000000100000000)
  region size 1024K, 18 young (18432K), 5 survivors (5120K)
 Metaspace       used 94184K, committed 95360K, reserved 1179648K
  class space    used 13351K, committed 13824K, reserved 1048576K
}
Event: 22822.700 GC heap after
{Heap after GC invocations=203 (full 8):
 garbage-first heap   total 119808K, used 45407K [0x00000000c9e00000, 0x0000000100000000)
  region size 1024K, 1 young (1024K), 1 survivors (1024K)
 Metaspace       used 94184K, committed 95360K, reserved 1179648K
  class space    used 13351K, committed 13824K, reserved 1048576K
}
Event: 22824.365 GC heap before
{Heap before GC invocations=203 (full 8):
 garbage-first heap   total 119808K, used 66911K [0x00000000c9e00000, 0x0000000100000000)
  region size 1024K, 23 young (23552K), 1 survivors (1024K)
 Metaspace       used 94261K, committed 95424K, reserved 1179648K
  class space    used 13364K, committed 13824K, reserved 1048576K
}

