# JRE version: OpenJDK Runtime Environment Temurin-21.0.9+10 (21.0.9+10) (build 21.0.9+10-LTS)
# Java VM: OpenJDK 64-Bit Server VM Temurin-21.0.9+10 (21.0.9+10-LTS, mixed mode, sharing, tiered, compressed oops, compressed class ptrs, parallel gc, windows-amd64)
GC Precious Log:
 CardTable entry size: 512
 CPUs: 4 total, 4 available
 Memory: 3460M
 Large Page Support: Disabled
 NUMA Support: Disabled
 Compressed Oops: Enabled (32-bit)
 Alignments: Space 512K, Generation 512K, Heap 2M
 Heap Min Capacity: 100M
 Heap Initial Capacity: 100M
 Heap Max Capacity: 2G
 Pre-touch: Disabled
 Parallel Workers: 4
Heap:
 PSYoungGen      total 5120K, used 1001K [0x00000000d5580000, 0x00000000d5f00000, 0x0000000100000000)
  eden space 4608K, 19% used [0x00000000d5580000,0x00000000d5662600,0x00000000d5a00000)
  from space 512K, 18% used [0x00000000d5e80000,0x00000000d5e98000,0x00000000d5f00000)
  to   space 512K, 0% used [0x00000000d5e00000,0x00000000d5e00000,0x00000000d5e80000)
 ParOldGen       total 1162240K, used 1161970K [0x0000000080000000, 0x00000000c6f00000, 0x00000000d5580000)
  object space 1162240K, 99% used [0x0000000080000000,0x00000000c6ebc928,0x00000000c6f00000)
 Metaspace       used 92480K, committed 94528K, reserved 1179648K
  class space    used 9203K, committed 10176K, reserved 1048576K
GC Heap History (20 events):
Event: 3139.869 GC heap before
{Heap before GC invocations=3094 (full 5):
 PSYoungGen      total 8704K, used 8663K [0x00000000d5580000, 0x00000000d6280000, 0x0000000100000000)
  eden space 5120K, 100% used [0x00000000d5580000,0x00000000d5a80000,0x00000000d5a80000)
  from space 3584K, 98% used [0x00000000d5f00000,0x00000000d6275f00,0x00000000d6280000)
  to   space 4096K, 0% used [0x00000000d5a80000,0x00000000d5a80000,0x00000000d5e80000)
 ParOldGen       total 1105920K, used 1105883K [0x0000000080000000, 0x00000000c3800000, 0x00000000d5580000)
  object space 1105920K, 99% used [0x0000000080000000,0x00000000c37f6d00,0x00000000c3800000)
 Metaspace       used 92457K, committed 94464K, reserved 1179648K
  class space    used 9203K, committed 10176K, reserved 1048576K
}
Event: 3139.881 GC heap after
{Heap after GC invocations=3094 (full 5):
 PSYoungGen      total 9216K, used 3900K [0x00000000d5580000, 0x00000000d6380000, 0x0000000100000000)
  eden space 5120K, 0% used [0x00000000d5580000,0x00000000d5580000,0x00000000d5a80000)
  from space 4096K, 95% used [0x00000000d5a80000,0x00000000d5e4f1b8,0x00000000d5e80000)
  to   space 4096K, 0% used [0x00000000d5f80000,0x00000000d5f80000,0x00000000d6380000)
 ParOldGen       total 1108992K, used 1108979K [0x0000000080000000, 0x00000000c3b00000, 0x00000000d5580000)
  object space 1108992K, 99% used [0x0000000080000000,0x00000000c3afcd60,0x00000000c3b00000)
 Metaspace       used 92457K, committed 94464K, reserved 1179648K
  class space    used 9203K, committed 10176K, reserved 1048576K
}
Event: 3139.938 GC heap before
{Heap before GC invocations=3095 (full 5):
 PSYoungGen      total 9216K, used 9020K [0x00000000d5580000, 0x00000000d6380000, 0x0000000100000000)
  eden space 5120K, 100% used [0x00000000d5580000,0x00000000d5a80000,0x00000000d5a80000)
  from space 4096K, 95% used [0x00000000d5a80000,0x00000000d5e4f1b8,0x00000000d5e80000)
  to   space 4096K, 0% used [0x00000000d5f80000,0x00000000d5f80000,0x00000000d6380000)
 ParOldGen       total 1108992K, used 1108979K [0x0000000080000000, 0x00000000c3b00000, 0x00000000d5580000)
  object space 1108992K, 99% used [0x0000000080000000,0x00000000c3afcd60,0x00000000c3b00000)
 Metaspace       used 92461K, committed 94464K, reserved 1179648K
  class space    used 9203K, committed 10176K, reserved 1048576K
}
Event: 3139.951 GC heap after
{Heap after GC invocations=3095 (full 5):
 PSYoungGen      total 8704K, used 2432K [0x00000000d5580000, 0x00000000d6200000, 0x0000000100000000)
  eden space 6144K, 0% used [0x00000000d5580000,0x00000000d5580000,0x00000000d5b80000)
  from space 2560K, 95% used [0x00000000d5f80000,0x00000000d61e0000,0x00000000d6200000)
  to   space 3072K, 0% used [0x00000000d5c00000,0x00000000d5c00000,0x00000000d5f00000)
 ParOldGen       total 1113088K, used 1112769K [0x0000000080000000, 0x00000000c3f00000, 0x00000000d5580000)
  object space 1113088K, 99% used [0x0000000080000000,0x00000000c3eb0408,0x00000000c3f00000)
 Metaspace       used 92461K, committed 94464K, reserved 1179648K
  class space    used 9203K, committed 10176K, reserved 1048576K
}
Event: 3140.238 GC heap before
{Heap before GC invocations=3096 (full 5):
 PSYoungGen      total 8704K, used 8576K [0x00000000d5580000, 0x00000000d6200000, 0x0000000100000000)
  eden space 6144K, 100% used [0x00000000d5580000,0x00000000d5b80000,0x00000000d5b80000)
  from space 2560K, 95% used [0x00000000d5f80000,0x00000000d61e0000,0x00000000d6200000)
  to   space 3072K, 0% used [0x00000000d5c00000,0x00000000d5c00000,0x00000000d5f00000)
 ParOldGen       total 1113088K, used 1112769K [0x0000000080000000, 0x00000000c3f00000, 0x00000000d5580000)
  object space 1113088K, 99% used [0x0000000080000000,0x00000000c3eb0408,0x00000000c3f00000)
 Metaspace       used 92463K, committed 94464K, reserved 1179648K
  class space    used 9203K, committed 10176K, reserved 1048576K
}
Event: 3140.255 GC heap after
{Heap after GC invocations=3096 (full 5):
 PSYoungGen      total 9216K, used 3041K [0x00000000d5580000, 0x00000000d6c80000, 0x0000000100000000)
  eden space 6144K, 0% used [0x00000000d5580000,0x00000000d5580000,0x00000000d5b80000)
  from space 3072K, 99% used [0x00000000d5c00000,0x00000000d5ef86d0,0x00000000d5f00000)
  to   space 8704K, 0% used [0x00000000d6400000,0x00000000d6400000,0x00000000d6c80000)
 ParOldGen       total 1117696K, used 1117489K [0x0000000080000000, 0x00000000c4380000, 0x00000000d5580000)
  object space 1117696K, 99% used [0x0000000080000000,0x00000000c434c408,0x00000000c4380000)
 Metaspace       used 92463K, committed 94464K, reserved 1179648K
  class space    used 9203K, committed 10176K, reserved 1048576K
}
Event: 3140.372 GC heap before
{Heap before GC invocations=3097 (full 5):
 PSYoungGen      total 9216K, used 9185K [0x00000000d5580000, 0x00000000d6c80000, 0x0000000100000000)
  eden space 6144K, 100% used [0x00000000d5580000,0x00000000d5b80000,0x00000000d5b80000)
  from space 3072K, 99% used [0x00000000d5c00000,0x00000000d5ef86d0,0x00000000d5f00000)
  to   space 8704K, 0% used [0x00000000d6400000,0x00000000d6400000,0x00000000d6c80000)
 ParOldGen       total 1117696K, used 1117489K [0x0000000080000000, 0x00000000c4380000, 0x00000000d5580000)
  object space 1117696K, 99% used [0x0000000080000000,0x00000000c434c408,0x00000000c4380000)
 Metaspace       used 92463K, committed 94464K, reserved 1179648K
  class space    used 9203K, committed 10176K, reserved 1048576K
}
Event: 3140.385 GC heap after
{Heap after GC invocations=3097 (full 5):
 PSYoungGen      total 11776K, used 5248K [0x00000000d5580000, 0x00000000d6980000, 0x0000000100000000)
  eden space 6144K, 0% used [0x00000000d5580000,0x00000000d5580000,0x00000000d5b80000)
  from space 5632K, 93% used [0x00000000d6400000,0x00000000d6920000,0x00000000d6980000)
  to   space 6144K, 0% used [0x00000000d5d80000,0x00000000d5d80000,0x00000000d6380000)
 ParOldGen       total 1120768K, used 1120567K [0x0000000080000000, 0x00000000c4680000, 0x00000000d5580000)
  object space 1120768K, 99% used [0x0000000080000000,0x00000000c464dd28,0x00000000c4680000)
 Metaspace       used 92463K, committed 94464K, reserved 1179648K
  class space    used 9203K, committed 10176K, reserved 1048576K
}
Event: 3140.647 GC heap before
{Heap before GC invocations=3098 (full 5):
 PSYoungGen      total 11776K, used 11392K [0x00000000d5580000, 0x00000000d6980000, 0x0000000100000000)
  eden space 6144K, 100% used [0x00000000d5580000,0x00000000d5b80000,0x00000000d5b80000)
  from space 5632K, 93% used [0x00000000d6400000,0x00000000d6920000,0x00000000d6980000)
  to   space 6144K, 0% used [0x00000000d5d80000,0x00000000d5d80000,0x00000000d6380000)
 ParOldGen       total 1120768K, used 1120567K [0x0000000080000000, 0x00000000c4680000, 0x00000000d5580000)
  object space 1120768K, 99% used [0x0000000080000000,0x00000000c464dd28,0x00000000c4680000)
 Metaspace       used 92463K, committed 94464K, reserved 1179648K
  class space    used 9203K, committed 10176K, reserved 1048576K
}
Event: 3140.662 GC heap after
{Heap after GC invocations=3098 (full 5):
 PSYoungGen      total 10240K, used 3980K [0x00000000d5580000, 0x00000000d6480000, 0x0000000100000000)
  eden space 6144K, 0% used [0x00000000d5580000,0x00000000d5580000,0x00000000d5b80000)
  from space 4096K, 97% used [0x00000000d5d80000,0x00000000d6163070,0x00000000d6180000)
  to   space 3072K, 0% used [0x00000000d6180000,0x00000000d6180000,0x00000000d6480000)
 ParOldGen       total 1125888K, used 1125775K [0x0000000080000000, 0x00000000c4b80000, 0x00000000d5580000)
  object space 1125888K, 99% used [0x0000000080000000,0x00000000c4b63d28,0x00000000c4b80000)
 Metaspace       used 92463K, committed 94464K, reserved 1179648K
  class space    used 9203K, committed 10176K, reserved 1048576K
}
Event: 3140.779 GC heap before
{Heap before GC invocations=3099 (full 5):
 PSYoungGen      total 10240K, used 10124K [0x00000000d5580000, 0x00000000d6480000, 0x0000000100000000)
  eden space 6144K, 100% used [0x00000000d5580000,0x00000000d5b80000,0x00000000d5b80000)
  from space 4096K, 97% used [0x00000000d5d80000,0x00000000d6163070,0x00000000d6180000)
  to   space 3072K, 0% used [0x00000000d6180000,0x00000000d6180000,0x00000000d6480000)
 ParOldGen       total 1125888K, used 1125775K [0x0000000080000000, 0x00000000c4b80000, 0x00000000d5580000)
  object space 1125888K, 99% used [0x0000000080000000,0x00000000c4b63d28,0x00000000c4b80000)
 Metaspace       used 92463K, committed 94464K, reserved 1179648K
  class space    used 9203K, committed 10176K, reserved 1048576K
}
Event: 3140.788 GC heap after
{Heap after GC invocations=3099 (full 5):
 PSYoungGen      total 7680K, used 3054K [0x00000000d5580000, 0x00000000d6a80000, 0x0000000100000000)
  eden space 4608K, 0% used [0x00000000d5580000,0x00000000d5580000,0x00000000d5a00000)
  from space 3072K, 99% used [0x00000000d6180000,0x00000000d647bb48,0x00000000d6480000)
  to   space 7680K, 0% used [0x00000000d5a00000,0x00000000d5a00000,0x00000000d6180000)
 ParOldGen       total 1129984K, used 1129761K [0x0000000080000000, 0x00000000c4f80000, 0x00000000d5580000)
  object space 1129984K, 99% used [0x0000000080000000,0x00000000c4f48438,0x00000000c4f80000)
 Metaspace       used 92463K, committed 94464K, reserved 1179648K
  class space    used 9203K, committed 10176K, reserved 1048576K
}
Event: 3141.729 GC heap before
{Heap before GC invocations=3100 (full 5):
 PSYoungGen      total 7680K, used 7636K [0x00000000d5580000, 0x00000000d6a80000, 0x0000000100000000)
  eden space 4608K, 99% used [0x00000000d5580000,0x00000000d59f9558,0x00000000d5a00000)
  from space 3072K, 99% used [0x00000000d6180000,0x00000000d647bb48,0x00000000d6480000)
  to   space 7680K, 0% used [0x00000000d5a00000,0x00000000d5a00000,0x00000000d6180000)
 ParOldGen       total 1161728K, used 1160481K [0x0000000080000000, 0x00000000c6e80000, 0x00000000d5580000)
  object space 1161728K, 99% used [0x0000000080000000,0x00000000c6d48468,0x00000000c6e80000)
 Metaspace       used 92465K, committed 94464K, reserved 1179648K
  class space    used 9203K, committed 10176K, reserved 1048576K
}
Event: 3141.741 GC heap after
{Heap after GC invocations=3100 (full 5):
 PSYoungGen      total 5120K, used 378K [0x00000000d5580000, 0x00000000d6200000, 0x0000000100000000)
  eden space 4608K, 0% used [0x00000000d5580000,0x00000000d5580000,0x00000000d5a00000)
  from space 512K, 73% used [0x00000000d5a00000,0x00000000d5a5e910,0x00000000d5a80000)
  to   space 3072K, 0% used [0x00000000d5f00000,0x00000000d5f00000,0x00000000d6200000)
 ParOldGen       total 1161728K, used 1161617K [0x0000000080000000, 0x00000000c6e80000, 0x00000000d5580000)
  object space 1161728K, 99% used [0x0000000080000000,0x00000000c6e64478,0x00000000c6e80000)
 Metaspace       used 92465K, committed 94464K, reserved 1179648K
  class space    used 9203K, committed 10176K, reserved 1048576K
}
Event: 3141.774 GC heap before
{Heap before GC invocations=3101 (full 5):
 PSYoungGen      total 5120K, used 4986K [0x00000000d5580000, 0x00000000d6200000, 0x0000000100000000)
  eden space 4608K, 99% used [0x00000000d5580000,0x00000000d59fffe0,0x00000000d5a00000)
  from space 512K, 73% used [0x00000000d5a00000,0x00000000d5a5e910,0x00000000d5a80000)
  to   space 3072K, 0% used [0x00000000d5f00000,0x00000000d5f00000,0x00000000d6200000)
 ParOldGen       total 1161728K, used 1161617K [0x0000000080000000, 0x00000000c6e80000, 0x00000000d5580000)
  object space 1161728K, 99% used [0x0000000080000000,0x00000000c6e64478,0x00000000c6e80000)
 Metaspace       used 92465K, committed 94464K, reserved 1179648K
  class space    used 9203K, committed 10176K, reserved 1048576K
}
Event: 3141.782 GC heap after
{Heap after GC invocations=3101 (full 5):
 PSYoungGen      total 5120K, used 496K [0x00000000d5580000, 0x00000000d5f80000, 0x0000000100000000)
  eden space 4608K, 0% used [0x00000000d5580000,0x00000000d5580000,0x00000000d5a00000)
  from space 512K, 96% used [0x00000000d5f00000,0x00000000d5f7c020,0x00000000d5f80000)
  to   space 1024K, 0% used [0x00000000d5d80000,0x00000000d5d80000,0x00000000d5e80000)
 ParOldGen       total 1162240K, used 1161898K [0x0000000080000000, 0x00000000c6f00000, 0x00000000d5580000)
  object space 1162240K, 99% used [0x0000000080000000,0x00000000c6eaa918,0x00000000c6f00000)
 Metaspace       used 92465K, committed 94464K, reserved 1179648K
  class space    used 9203K, committed 10176K, reserved 1048576K
}
Event: 3141.809 GC heap before
{Heap before GC invocations=3102 (full 5):
 PSYoungGen      total 5120K, used 5104K [0x00000000d5580000, 0x00000000d5f80000, 0x0000000100000000)
  eden space 4608K, 100% used [0x00000000d5580000,0x00000000d5a00000,0x00000000d5a00000)
  from space 512K, 96% used [0x00000000d5f00000,0x00000000d5f7c020,0x00000000d5f80000)
  to   space 1024K, 0% used [0x00000000d5d80000,0x00000000d5d80000,0x00000000d5e80000)
 ParOldGen       total 1162240K, used 1161898K [0x0000000080000000, 0x00000000c6f00000, 0x00000000d5580000)
  object space 1162240K, 99% used [0x0000000080000000,0x00000000c6eaa918,0x00000000c6f00000)
 Metaspace       used 92465K, committed 94464K, reserved 1179648K
  class space    used 9203K, committed 10176K, reserved 1048576K
}
Event: 3141.819 GC heap after
{Heap after GC invocations=3102 (full 5):
 PSYoungGen      total 5632K, used 452K [0x00000000d5580000, 0x00000000d5f80000, 0x0000000100000000)
  eden space 4608K, 0% used [0x00000000d5580000,0x00000000d5580000,0x00000000d5a00000)
  from space 1024K, 44% used [0x00000000d5d80000,0x00000000d5df1210,0x00000000d5e80000)
  to   space 1024K, 0% used [0x00000000d5e80000,0x00000000d5e80000,0x00000000d5f80000)
 ParOldGen       total 1162240K, used 1161962K [0x0000000080000000, 0x00000000c6f00000, 0x00000000d5580000)
  object space 1162240K, 99% used [0x0000000080000000,0x00000000c6eba928,0x00000000c6f00000)
 Metaspace       used 92465K, committed 94464K, reserved 1179648K
  class space    used 9203K, committed 10176K, reserved 1048576K
}
Event: 3414.759 GC heap before
{Heap before GC invocations=3103 (full 5):
 PSYoungGen      total 5632K, used 5060K [0x00000000d5580000, 0x00000000d5f80000, 0x0000000100000000)
  eden space 4608K, 100% used [0x00000000d5580000,0x00000000d5a00000,0x00000000d5a00000)
  from space 1024K, 44% used [0x00000000d5d80000,0x00000000d5df1210,0x00000000d5e80000)
  to   space 1024K, 0% used [0x00000000d5e80000,0x00000000d5e80000,0x00000000d5f80000)
 ParOldGen       total 1162240K, used 1161962K [0x0000000080000000, 0x00000000c6f00000, 0x00000000d5580000)
  object space 1162240K, 99% used [0x0000000080000000,0x00000000c6eba928,0x00000000c6f00000)
 Metaspace       used 92473K, committed 94528K, reserved 1179648K
  class space    used 9203K, committed 10176K, reserved 1048576K
}
Event: 3415.752 GC heap after
{Heap after GC invocations=3103 (full 5):
 PSYoungGen      total 5120K, used 96K [0x00000000d5580000, 0x00000000d5f00000, 0x0000000100000000)
  eden space 4608K, 0% used [0x00000000d5580000,0x00000000d5580000,0x00000000d5a00000)
  from space 512K, 18% used [0x00000000d5e80000,0x00000000d5e98000,0x00000000d5f00000)
  to   space 512K, 0% used [0x00000000d5e00000,0x00000000d5e00000,0x00000000d5e80000)
 ParOldGen       total 1162240K, used 1161970K [0x0000000080000000, 0x00000000c6f00000, 0x00000000d5580000)
  object space 1162240K, 99% used [0x0000000080000000,0x00000000c6ebc928,0x00000000c6f00000)
 Metaspace       used 92473K, committed 94528K, reserved 1179648K
  class space    used 9203K, committed 10176K, reserved 1048576K
}

